<?xml version="1.0" encoding="UTF-8"?>
<!-- Generated by org.testng.reporters.JUnitReportReporter -->
<testsuite hostname="XanSan-PC" failures="0" tests="2" name="com.nopcommerce.user.Suite_04_Register_Login" time="5.817" errors="0" timestamp="11 Oct 2022 10:20:09 GMT" skipped="0">
  <testcase classname="com.nopcommerce.user.Suite_04_Register_Login" name="TC_03_Register_Valid_Information" time="4.055"/>
  <testcase classname="com.nopcommerce.user.Suite_04_Register_Login" name="TC_06_Login_Valid_Email_Valid_Password" time="1.762"/>
</testsuite> <!-- com.nopcommerce.user.Suite_04_Register_Login -->
